#
# There is insufficient memory for the Java Runtime Environment to continue.
# Native memory allocation (malloc) failed to allocate 290896 bytes for Chunk::new
# Possible reasons:
#   The system is out of physical RAM or swap space
#   In 32 bit mode, the process size limit was hit
# Possible solutions:
#   Reduce memory load on the system
#   Increase physical memory or swap space
#   Check if swap backing store is full
#   Use 64 bit Java on a 64 bit OS
#   Decrease Java heap size (-Xmx/-Xms)
#   Decrease number of Java threads
#   Decrease Java thread stack sizes (-Xss)
#   Set larger code cache with -XX:ReservedCodeCacheSize=
# This output file may be truncated or incomplete.
#
#  Out of Memory Error (allocation.cpp:390), pid=19624, tid=0x000000000000124c
#
# JRE version: OpenJDK Runtime Environment (8.0) (build 1.8.0-adoptopenjdk-_2018_05_19_00_59-b00)
# Java VM: OpenJDK 64-Bit Server VM (25.71-b00 mixed mode windows-amd64 compressed oops)
# Failed to write core dump. Minidumps are not enabled by default on client versions of Windows
#

---------------  T H R E A D  ---------------

Current thread (0x0000000019b26800):  JavaThread "C2 CompilerThread2" daemon [_thread_in_native, id=4684, stack(0x000000001a500000,0x000000001a600000)]

Stack: [0x000000001a500000,0x000000001a600000]
[error occurred during error reporting (printing stack bounds), id 0xc0000005]

Native frames: (J=compiled Java code, j=interpreted, Vv=VM code, C=native code)


Current CompileTask:
C2:   1878  536   !   4       sun.misc.URLClassPath$JarLoader::getResource (85 bytes)


---------------  P R O C E S S  ---------------

Java Threads: ( => current thread )
  0x000000001af85000 JavaThread "pool-1-thread-1" [_thread_blocked, id=4620, stack(0x000000001c0d0000,0x000000001c1d0000)]
  0x0000000019bc6800 JavaThread "Service Thread" daemon [_thread_blocked, id=18680, stack(0x000000001a700000,0x000000001a800000)]
  0x0000000019b2e000 JavaThread "C1 CompilerThread3" daemon [_thread_blocked, id=5424, stack(0x000000001a600000,0x000000001a700000)]
=>0x0000000019b26800 JavaThread "C2 CompilerThread2" daemon [_thread_in_native, id=4684, stack(0x000000001a500000,0x000000001a600000)]
  0x0000000019b25000 JavaThread "C2 CompilerThread1" daemon [_thread_blocked, id=1720, stack(0x000000001a400000,0x000000001a500000)]
  0x0000000019b35000 JavaThread "C2 CompilerThread0" daemon [_thread_in_native, id=8284, stack(0x000000001a300000,0x000000001a400000)]
  0x0000000019b33800 JavaThread "Attach Listener" daemon [_thread_blocked, id=16252, stack(0x000000001a200000,0x000000001a300000)]
  0x0000000017c2e800 JavaThread "Signal Dispatcher" daemon [_thread_blocked, id=9036, stack(0x000000001a100000,0x000000001a200000)]
  0x0000000019b20800 JavaThread "Finalizer" daemon [_thread_blocked, id=22352, stack(0x0000000019f00000,0x000000001a000000)]
  0x0000000002d99000 JavaThread "Reference Handler" daemon [_thread_blocked, id=19196, stack(0x0000000019a00000,0x0000000019b00000)]
  0x0000000002ca2800 JavaThread "main" [_thread_in_vm, id=17712, stack(0x0000000002ba0000,0x0000000002ca0000)]

Other Threads:
  0x0000000017c16800 VMThread [stack: 0x0000000019900000,0x0000000019a00000] [id=12480]
  0x0000000019b9d000 WatcherThread [stack: 0x000000001a800000,0x000000001a900000] [id=3412]

VM state:not at safepoint (normal execution)

VM Mutex/Monitor currently owned by a thread: None

Heap:
 PSYoungGen      total 37888K, used 22969K [0x00000000d6780000, 0x00000000d9180000, 0x0000000100000000)
  eden space 32768K, 70% used [0x00000000d6780000,0x00000000d7dee6e0,0x00000000d8780000)
  from space 5120K, 0% used [0x00000000d8c80000,0x00000000d8c80000,0x00000000d9180000)
  to   space 5120K, 0% used [0x00000000d8780000,0x00000000d8780000,0x00000000d8c80000)
 ParOldGen       total 86016K, used 0K [0x0000000083600000, 0x0000000088a00000, 0x00000000d6780000)
  object space 86016K, 0% used [0x0000000083600000,0x0000000083600000,0x0000000088a00000)
 Metaspace       used 6806K, capacity 6992K, committed 7168K, reserved 1056768K
  class space    used 856K, capacity 908K, committed 1024K, reserved 1048576K

Card table byte_map: [0x0000000012160000,0x0000000012550000] byte_map_base: 0x0000000011d45000

Marking Bits: (ParMarkBitMap*) 0x000000005b97be50
 Begin Bits: [0x0000000012ff0000, 0x0000000014f18000)
 End Bits:   [0x0000000014f18000, 0x0000000016e40000)

Polling page: 0x0000000000d60000

CodeCache: size=245760Kb used=2434Kb max_used=2444Kb free=243325Kb
 bounds [0x0000000002da0000, 0x0000000003010000, 0x0000000011da0000]
 total_blobs=843 nmethods=542 adapters=215
 compilation: enabled

Compilation events (10 events):
Event: 1.860 Thread 0x0000000019b2e000  535  s    3       java.util.Hashtable::put (104 bytes)
Event: 1.861 Thread 0x0000000019b2e000 nmethod 535 0x0000000002ffcc10 code [0x0000000002ffcde0, 0x0000000002ffd578]
Event: 1.862 Thread 0x0000000019b26800  536   !   4       sun.misc.URLClassPath$JarLoader::getResource (85 bytes)
Event: 1.862 Thread 0x0000000019b2e000  537       3       java.util.jar.JarFile::getEntry (22 bytes)
Event: 1.863 Thread 0x0000000019b2e000 nmethod 537 0x0000000002ffd8d0 code [0x0000000002ffda60, 0x0000000002ffddb8]
Event: 1.863 Thread 0x0000000019b2e000  538       3       java.util.jar.JarFile::getJarEntry (9 bytes)
Event: 1.863 Thread 0x0000000019b2e000 nmethod 538 0x0000000002ffdf10 code [0x0000000002ffe080, 0x0000000002ffe388]
Event: 1.869 Thread 0x0000000019b25000  539       4       java.util.zip.ZipFile::ensureOpen (37 bytes)
Event: 1.869 Thread 0x0000000019b35000  540       4       java.util.zip.ZipCoder::getBytes (192 bytes)
Event: 1.870 Thread 0x0000000019b25000 nmethod 539 0x00000000030010d0 code [0x0000000003001200, 0x0000000003001298]

GC Heap History (0 events):
No events

Deoptimization events (6 events):
Event: 0.885 Thread 0x0000000002ca2800 Uncommon trap: reason=unstable_if action=reinterpret pc=0x0000000002ef7158 method=java.lang.String.toLowerCase(Ljava/util/Locale;)Ljava/lang/String; @ 85
Event: 1.620 Thread 0x0000000002ca2800 Uncommon trap: reason=unstable_if action=reinterpret pc=0x0000000002f127c0 method=java.util.regex.Matcher.reset()Ljava/util/regex/Matcher; @ 47
Event: 1.620 Thread 0x0000000002ca2800 Uncommon trap: reason=class_check action=maybe_recompile pc=0x0000000002f1a49c method=java.util.regex.Matcher.match(II)Z @ 86
Event: 1.620 Thread 0x0000000002ca2800 Uncommon trap: reason=class_check action=maybe_recompile pc=0x0000000002f1a49c method=java.util.regex.Matcher.match(II)Z @ 86
Event: 1.622 Thread 0x0000000002ca2800 Uncommon trap: reason=class_check action=maybe_recompile pc=0x0000000002f1a49c method=java.util.regex.Matcher.match(II)Z @ 86
Event: 1.622 Thread 0x0000000002ca2800 Uncommon trap: reason=class_check action=maybe_recompile pc=0x0000000002f1a49c method=java.util.regex.Matcher.match(II)Z @ 86

Classes redefined (0 events):
No events

Internal exceptions (10 events):
Event: 0.895 Thread 0x0000000002ca2800 Exception <a 'java/security/PrivilegedActionException'> (0x00000000d6f47628) thrown at [C:\Users\jenkins\workspace\openjdk8_build_x86-64_windows\openjdk\hotspot\src\share\vm\prims\jvm.cpp, line 1435]
Event: 0.895 Thread 0x0000000002ca2800 Exception <a 'java/security/PrivilegedActionException'> (0x00000000d6f47838) thrown at [C:\Users\jenkins\workspace\openjdk8_build_x86-64_windows\openjdk\hotspot\src\share\vm\prims\jvm.cpp, line 1435]
Event: 0.895 Thread 0x0000000002ca2800 Exception <a 'java/security/PrivilegedActionException'> (0x00000000d6f49560) thrown at [C:\Users\jenkins\workspace\openjdk8_build_x86-64_windows\openjdk\hotspot\src\share\vm\prims\jvm.cpp, line 1435]
Event: 0.895 Thread 0x0000000002ca2800 Exception <a 'java/security/PrivilegedActionException'> (0x00000000d6f49770) thrown at [C:\Users\jenkins\workspace\openjdk8_build_x86-64_windows\openjdk\hotspot\src\share\vm\prims\jvm.cpp, line 1435]
Event: 1.366 Thread 0x0000000002ca2800 Exception <a 'java/lang/ArrayIndexOutOfBoundsException': 100> (0x00000000d73e6db0) thrown at [C:\Users\jenkins\workspace\openjdk8_build_x86-64_windows\openjdk\hotspot\src\share\vm\interpreter\interpreterRuntime.cpp, line 366]
Event: 1.368 Thread 0x0000000002ca2800 Exception <a 'java/lang/ArrayIndexOutOfBoundsException': 18> (0x00000000d73e7ce8) thrown at [C:\Users\jenkins\workspace\openjdk8_build_x86-64_windows\openjdk\hotspot\src\share\vm\interpreter\interpreterRuntime.cpp, line 366]
Event: 1.369 Thread 0x0000000002ca2800 Exception <a 'java/lang/ArrayIndexOutOfBoundsException': 40> (0x00000000d73e8918) thrown at [C:\Users\jenkins\workspace\openjdk8_build_x86-64_windows\openjdk\hotspot\src\share\vm\interpreter\interpreterRuntime.cpp, line 366]
Event: 1.643 Thread 0x0000000002ca2800 Exception <a 'java/lang/ArrayIndexOutOfBoundsException'> (0x00000000d7823550) thrown at [C:\Users\jenkins\workspace\openjdk8_build_x86-64_windows\openjdk\hotspot\src\share\vm\runtime\sharedRuntime.cpp, line 605]
Event: 1.643 Thread 0x0000000002ca2800 Exception <a 'java/lang/ArrayIndexOutOfBoundsException'> (0x00000000d7824228) thrown at [C:\Users\jenkins\workspace\openjdk8_build_x86-64_windows\openjdk\hotspot\src\share\vm\runtime\sharedRuntime.cpp, line 605]
Event: 1.864 Thread 0x0000000002ca2800 Exception <a 'java/lang/NoClassDefFoundError': org/slf4j/impl/StaticMarkerBinder> (0x00000000d7c5fe38) thrown at [C:\Users\jenkins\workspace\openjdk8_build_x86-64_windows\openjdk\hotspot\src\share\vm\classfile\systemDictionary.cpp, line 199]

Events (10 events):
Event: 1.868 loading class org/gradle/launcher/cli/CommandLineAction
Event: 1.868 loading class org/gradle/launcher/cli/CommandLineAction done
Event: 1.869 loading class org/gradle/launcher/cli/BuildActionsFactory
Event: 1.869 loading class org/gradle/launcher/cli/BuildActionsFactory done
Event: 1.870 loading class org/gradle/launcher/daemon/configuration/DaemonServerConfiguration
Event: 1.870 loading class org/gradle/launcher/daemon/configuration/DaemonServerConfiguration done
Event: 1.871 loading class org/gradle/StartParameter
Event: 1.871 loading class org/gradle/StartParameter done
Event: 1.873 loading class org/gradle/api/internal/StartParameterInternal
Event: 1.873 loading class org/gradle/api/internal/StartParameterInternal done


Dynamic libraries:
0x00007ff6d9f50000 - 0x00007ff6d9f85000 	C:\Program Files\Unity\Hub\Editor\2020.1.8f1\Editor\Data\PlaybackEngines\AndroidPlayer\OpenJDK\bin\java.exe
0x00007fff194e0000 - 0x00007fff196d0000 	C:\windows\SYSTEM32\ntdll.dll
0x00007fff18640000 - 0x00007fff186f2000 	C:\windows\System32\KERNEL32.DLL
0x00007fff16810000 - 0x00007fff16ab5000 	C:\windows\System32\KERNELBASE.dll
0x00007fff18580000 - 0x00007fff18623000 	C:\windows\System32\ADVAPI32.dll
0x00007fff18700000 - 0x00007fff1879e000 	C:\windows\System32\msvcrt.dll
0x00007fff18d40000 - 0x00007fff18dd7000 	C:\windows\System32\sechost.dll
0x00007fff19320000 - 0x00007fff19440000 	C:\windows\System32\RPCRT4.dll
0x00007fff178b0000 - 0x00007fff17a44000 	C:\windows\System32\USER32.dll
0x00007fff167e0000 - 0x00007fff16801000 	C:\windows\System32\win32u.dll
0x00007fff17a50000 - 0x00007fff17a76000 	C:\windows\System32\GDI32.dll
0x00007fff16510000 - 0x00007fff166a6000 	C:\windows\System32\gdi32full.dll
0x00007fff16740000 - 0x00007fff167de000 	C:\windows\System32\msvcp_win.dll
0x00007fff16d10000 - 0x00007fff16e0a000 	C:\windows\System32\ucrtbase.dll
0x00007ffefc350000 - 0x00007ffefc5d4000 	C:\windows\WinSxS\amd64_microsoft.windows.common-controls_6595b64144ccf1df_6.0.18362.1139_none_9e7bf2d3e4605ac6\COMCTL32.dll
0x00007fff18850000 - 0x00007fff18b85000 	C:\windows\System32\combase.dll
0x00007fff16490000 - 0x00007fff16510000 	C:\windows\System32\bcryptPrimitives.dll
0x00007fff184e0000 - 0x00007fff1850e000 	C:\windows\System32\IMM32.DLL
0x000000005ba00000 - 0x000000005bad2000 	C:\Program Files\Unity\Hub\Editor\2020.1.8f1\Editor\Data\PlaybackEngines\AndroidPlayer\OpenJDK\jre\bin\msvcr100.dll
0x000000005b1b0000 - 0x000000005b9f9000 	C:\Program Files\Unity\Hub\Editor\2020.1.8f1\Editor\Data\PlaybackEngines\AndroidPlayer\OpenJDK\jre\bin\server\jvm.dll
0x00007fff18630000 - 0x00007fff18638000 	C:\windows\System32\PSAPI.DLL
0x00007ffef4b70000 - 0x00007ffef4b79000 	C:\windows\SYSTEM32\WSOCK32.dll
0x00007fff0f700000 - 0x00007fff0f724000 	C:\windows\SYSTEM32\WINMM.dll
0x00007fff18510000 - 0x00007fff1857f000 	C:\windows\System32\WS2_32.dll
0x00007fff0cc80000 - 0x00007fff0cc8a000 	C:\windows\SYSTEM32\VERSION.dll
0x00007fff0f6d0000 - 0x00007fff0f6fd000 	C:\windows\SYSTEM32\winmmbase.dll
0x00007fff16c10000 - 0x00007fff16c5a000 	C:\windows\System32\cfgmgr32.dll
0x00007fff0f7d0000 - 0x00007fff0f7df000 	C:\Program Files\Unity\Hub\Editor\2020.1.8f1\Editor\Data\PlaybackEngines\AndroidPlayer\OpenJDK\jre\bin\verify.dll
0x00007fff09f20000 - 0x00007fff09f49000 	C:\Program Files\Unity\Hub\Editor\2020.1.8f1\Editor\Data\PlaybackEngines\AndroidPlayer\OpenJDK\jre\bin\java.dll
0x00007ffed32c0000 - 0x00007ffed32d6000 	C:\Program Files\Unity\Hub\Editor\2020.1.8f1\Editor\Data\PlaybackEngines\AndroidPlayer\OpenJDK\jre\bin\zip.dll
0x00007fff17c30000 - 0x00007fff18317000 	C:\windows\System32\SHELL32.dll
0x00007fff187a0000 - 0x00007fff18849000 	C:\windows\System32\shcore.dll
0x00007fff16e10000 - 0x00007fff17590000 	C:\windows\System32\windows.storage.dll
0x00007fff16440000 - 0x00007fff16463000 	C:\windows\System32\profapi.dll
0x00007fff163f0000 - 0x00007fff1643a000 	C:\windows\System32\powrprof.dll
0x00007fff163a0000 - 0x00007fff163b0000 	C:\windows\System32\UMPDC.dll
0x00007fff183c0000 - 0x00007fff18412000 	C:\windows\System32\shlwapi.dll
0x00007fff163d0000 - 0x00007fff163e1000 	C:\windows\System32\kernel.appcore.dll
0x00007fff16470000 - 0x00007fff16487000 	C:\windows\System32\cryptsp.dll
0x00007ffed32a0000 - 0x00007ffed32ba000 	C:\Program Files\Unity\Hub\Editor\2020.1.8f1\Editor\Data\PlaybackEngines\AndroidPlayer\OpenJDK\jre\bin\net.dll
0x00007fff15b40000 - 0x00007fff15ba7000 	C:\windows\system32\mswsock.dll
0x00007ffecf410000 - 0x00007ffecf421000 	C:\Program Files\Unity\Hub\Editor\2020.1.8f1\Editor\Data\PlaybackEngines\AndroidPlayer\OpenJDK\jre\bin\nio.dll
0x00007ffecf3e0000 - 0x00007ffecf406000 	C:\Users\alexa\.gradle\native\30\windows-amd64\native-platform.dll

VM Arguments:
jvm_args: -Dfile.encoding=UTF-8 
java_command: org.gradle.launcher.GradleMain -Dorg.gradle.jvmargs=-Xmx4096m --stop
java_class_path (initial): C:\Program Files\Unity\Hub\Editor\2020.1.8f1\Editor\Data\PlaybackEngines\AndroidPlayer\Tools\gradle\lib\gradle-launcher-5.6.4.jar
Launcher Type: SUN_STANDARD

Environment Variables:
JAVA_HOME=C:\Program Files\Unity\Hub\Editor\2020.1.8f1\Editor\Data\PlaybackEngines\AndroidPlayer\OpenJDK
JAVA_TOOL_OPTIONS=-Dfile.encoding=UTF-8
PATH=C:\Program Files (x86)\Common Files\Oracle\Java\javapath;C:\windows\system32;C:\windows;C:\windows\System32\Wbem;C:\windows\System32\WindowsPowerShell\v1.0\;C:\windows\System32\OpenSSH\;C:\Program Files (x86)\NVIDIA Corporation\PhysX\Common;C:\Program Files\NVIDIA Corporation\NVIDIA NvDLISR;C:\Users\alexa\AppData\Roaming\nvm;C:\Program Files\nodejs;C:\Program Files\Git\cmd;C:\Program Files\Docker\Docker\resources\bin;C:\ProgramData\DockerDesktop\version-bin;C:\Users\alexa\AppData\Local\Programs\Python\Python38-32\Scripts\;C:\Users\alexa\AppData\Local\Programs\Python\Python38-32\;C:\Users\alexa\AppData\Local\Microsoft\WindowsApps;C:\Users\alexa\AppData\Local\Programs\Microsoft VS Code\bin;C:\Users\alexa\AppData\Roaming\npm;C:\Users\alexa\AppData\Roaming\nvm;C:\Program Files\nodejs
USERNAME=alexa
OS=Windows_NT
PROCESSOR_IDENTIFIER=Intel64 Family 6 Model 126 Stepping 5, GenuineIntel



---------------  S Y S T E M  ---------------

OS: Windows 10.0 , 64 bit Build 18362 (10.0.18362.1110)

CPU:total 8 (initial active 8) (4 cores per cpu, 2 threads per core) family 6 model 126 stepping 5, cmov, cx8, fxsr, mmx, sse, sse2, sse3, ssse3, sse4.1, sse4.2, popcnt, avx, avx2, aes, clmul, erms, 3dnowpref, lzcnt, ht, tsc, tscinvbit, bmi1, bmi2, adx

Memory: 4k page, physical 8165168k(175104k free), swap 33330992k(816k free)

vm_info: OpenJDK 64-Bit Server VM (25.71-b00) for windows-amd64 JRE (1.8.0-adoptopenjdk-_2018_05_19_00_59-b00), built on May 19 2018 01:02:12 by "jenkins" with MS VC++ 10.0 (VS2010)

time: Tue Oct 27 23:21:05 2020
elapsed time: 1 seconds (0d 0h 0m 1s)

